RUN	VTSTrails.VTSSimulationXmlConversion	vtssimulationxmlconversion	1699429252849	 	3.9.5
ERROR	Get VTS Data: Failed to build request: Failed to build request: j.l.NullPointerException 	1699429258138
ERROR	request testing: Failed to build request: j.l.RuntimeException: No attribute named 'enterprise' is defined 	1699429259154
USER	Get Data From VTS	START	1699429259155
ERROR	Get VTS Data: Failed to build request: Failed to build request: j.l.NullPointerException 	1699429260164
ERROR	request testing: Failed to build request: j.l.RuntimeException: No attribute named 'enterprise' is defined 	1699429260168
ERROR	Get VTS Data: Failed to build request: Failed to build request: j.l.NullPointerException 	1699429261174
ERROR	request testing: Failed to build request: j.l.RuntimeException: No attribute named 'enterprise' is defined 	1699429261178
ERROR	Get VTS Data: Failed to build request: Failed to build request: j.l.NullPointerException 	1699429262184
ERROR	request testing: Failed to build request: j.l.RuntimeException: No attribute named 'enterprise' is defined 	1699429262186
ERROR	Get VTS Data: Failed to build request: Failed to build request: j.l.NullPointerException 	1699429263190
ERROR	request testing: Failed to build request: j.l.RuntimeException: No attribute named 'enterprise' is defined 	1699429263193
ERROR	Get VTS Data: Failed to build request: Failed to build request: j.l.NullPointerException 	1699429264197
ERROR	request testing: Failed to build request: j.l.RuntimeException: No attribute named 'enterprise' is defined 	1699429264200
ERROR	Get VTS Data: Failed to build request: Failed to build request: j.l.NullPointerException 	1699429265216
ERROR	request testing: Failed to build request: j.l.RuntimeException: No attribute named 'enterprise' is defined 	1699429265218
USER	Get Data From VTS	END	1699429266240
