RUN	VTSTrails.VTSSimulationXmlConversion	vtssimulationxmlconversion	1699429096938	 	3.9.5
ERROR	Get VTS Data: Failed to build request: Failed to build request: j.l.NullPointerException 	1699429102512
ERROR	request testing: Failed to build request: j.l.RuntimeException: No attribute named 'enterprise' is defined 	1699429103631
USER	Get Data From VTS	START	1699429103633
ERROR	Get VTS Data: Failed to build request: Failed to build request: j.l.NullPointerException 	1699429104646
ERROR	request testing: Failed to build request: j.l.RuntimeException: No attribute named 'enterprise' is defined 	1699429104648
ERROR	Get VTS Data: Failed to build request: Failed to build request: j.l.NullPointerException 	1699429105657
ERROR	request testing: Failed to build request: j.l.RuntimeException: No attribute named 'enterprise' is defined 	1699429105659
ERROR	Get VTS Data: Failed to build request: Failed to build request: j.l.NullPointerException 	1699429106668
ERROR	request testing: Failed to build request: j.l.RuntimeException: No attribute named 'enterprise' is defined 	1699429106670
ERROR	Get VTS Data: Failed to build request: Failed to build request: j.l.NullPointerException 	1699429107683
ERROR	request testing: Failed to build request: j.l.RuntimeException: No attribute named 'enterprise' is defined 	1699429107684
ERROR	Get VTS Data: Failed to build request: Failed to build request: j.l.NullPointerException 	1699429108697
ERROR	request testing: Failed to build request: j.l.RuntimeException: No attribute named 'enterprise' is defined 	1699429108700
ERROR	Get VTS Data: Failed to build request: Failed to build request: j.l.NullPointerException 	1699429109709
ERROR	request testing: Failed to build request: j.l.RuntimeException: No attribute named 'enterprise' is defined 	1699429109710
USER	Get Data From VTS	END	1699429110725
