RUN	VTSTrails.VTSSimulationXmlConversion	vtssimulationxmlconversion	1699422957137	 	3.9.5
USER	Get Data From VTS	START	1699422962978
REQUEST		Get VTS Data	1699422962699	1699422963590	OK	 
REQUEST		Get VTS Data Redirect 1	1699422963601	1699422963908	OK	 
ERROR	request testing: Failed to build request: j.l.RuntimeException: No attribute named 'enterprise' is defined 	1699422964944
REQUEST		Get VTS Data	1699422965952	1699422966246	OK	 
REQUEST		Get VTS Data Redirect 1	1699422966246	1699422966556	OK	 
ERROR	request testing: Failed to build request: j.l.RuntimeException: No attribute named 'enterprise' is defined 	1699422966559
REQUEST		Get VTS Data	1699422967575	1699422967868	OK	 
REQUEST		Get VTS Data Redirect 1	1699422967869	1699422968186	OK	 
ERROR	request testing: Failed to build request: j.l.RuntimeException: No attribute named 'enterprise' is defined 	1699422968188
REQUEST		Get VTS Data	1699422969198	1699422969522	OK	 
REQUEST		Get VTS Data Redirect 1	1699422969522	1699422969829	OK	 
ERROR	request testing: Failed to build request: j.l.RuntimeException: No attribute named 'enterprise' is defined 	1699422969831
REQUEST		Get VTS Data	1699422970840	1699422971138	OK	 
REQUEST		Get VTS Data Redirect 1	1699422971138	1699422971468	OK	 
ERROR	request testing: Failed to build request: j.l.RuntimeException: No attribute named 'enterprise' is defined 	1699422971469
REQUEST		Get VTS Data	1699422972477	1699422972801	OK	 
REQUEST		Get VTS Data Redirect 1	1699422972801	1699422973106	OK	 
ERROR	request testing: Failed to build request: j.l.RuntimeException: No attribute named 'enterprise' is defined 	1699422973107
REQUEST		Get VTS Data	1699422974115	1699422974437	OK	 
REQUEST		Get VTS Data Redirect 1	1699422974437	1699422974731	OK	 
ERROR	request testing: Failed to build request: j.l.RuntimeException: No attribute named 'enterprise' is defined 	1699422974732
USER	Get Data From VTS	END	1699422975744
